# JRE version: Java(TM) SE Runtime Environment (8.0_40-b25) (build 1.8.0_40-b25)
# Java VM: Java HotSpot(TM) 64-Bit Server VM (25.40-b25 mixed mode windows-amd64 compressed oops)
Heap:
 PSYoungGen      total 197120K, used 144384K [0x00000000f0780000, 0x00000000fff80000, 0x0000000100000000)
  eden space 144384K, 100% used [0x00000000f0780000,0x00000000f9480000,0x00000000f9480000)
  from space 52736K, 0% used [0x00000000f9480000,0x00000000f9480000,0x00000000fc800000)
  to   space 51200K, 0% used [0x00000000fcd80000,0x00000000fcd80000,0x00000000fff80000)
 ParOldGen       total 509440K, used 509172K [0x00000000d1600000, 0x00000000f0780000, 0x00000000f0780000)
  object space 509440K, 99% used [0x00000000d1600000,0x00000000f073d2e8,0x00000000f0780000)
 Metaspace       used 14795K, capacity 15052K, committed 15360K, reserved 1062912K
  class space    used 1844K, capacity 1939K, committed 2048K, reserved 1048576K
GC Heap History (10 events):
Event: 201.500 GC heap before
{Heap before GC invocations=154 (full 21):
 PSYoungGen      total 197120K, used 144384K [0x00000000f0780000, 0x00000000fff80000, 0x0000000100000000)
  eden space 144384K, 100% used [0x00000000f0780000,0x00000000f9480000,0x00000000f9480000)
  from space 52736K, 0% used [0x00000000f9480000,0x00000000f9480000,0x00000000fc800000)
  to   space 51200K, 0% used [0x00000000fcd80000,0x00000000fcd80000,0x00000000fff80000)
 ParOldGen       total 509440K, used 509412K [0x00000000d1600000, 0x00000000f0780000, 0x00000000f0780000)
  object space 509440K, 99% used [0x00000000d1600000,0x00000000f07791c0,0x00000000f0780000)
 Metaspace       used 13353K, capacity 13554K, committed 13952K, reserved 1060864K
  class space    used 1747K, capacity 1810K, committed 1920K, reserved 1048576K
Event: 205.295 GC heap after
Heap after GC invocations=154 (full 21):
 PSYoungGen      total 197120K, used 39673K [0x00000000f0780000, 0x00000000fff80000, 0x0000000100000000)
  eden space 144384K, 27% used [0x00000000f0780000,0x00000000f2e3e790,0x00000000f9480000)
  from space 52736K, 0% used [0x00000000f9480000,0x00000000f9480000,0x00000000fc800000)
  to   space 51200K, 0% used [0x00000000fcd80000,0x00000000fcd80000,0x00000000fff80000)
 ParOldGen       total 509440K, used 509412K [0x00000000d1600000, 0x00000000f0780000, 0x00000000f0780000)
  object space 509440K, 99% used [0x00000000d1600000,0x00000000f07791c0,0x00000000f0780000)
 Metaspace       used 13353K, capacity 13554K, committed 13952K, reserved 1060864K
  class space    used 1747K, capacity 1810K, committed 1920K, reserved 1048576K
}
Event: 205.709 GC heap before
{Heap before GC invocations=155 (full 22):
 PSYoungGen      total 197120K, used 144384K [0x00000000f0780000, 0x00000000fff80000, 0x0000000100000000)
  eden space 144384K, 100% used [0x00000000f0780000,0x00000000f9480000,0x00000000f9480000)
  from space 52736K, 0% used [0x00000000f9480000,0x00000000f9480000,0x00000000fc800000)
  to   space 51200K, 0% used [0x00000000fcd80000,0x00000000fcd80000,0x00000000fff80000)
 ParOldGen       total 509440K, used 509412K [0x00000000d1600000, 0x00000000f0780000, 0x00000000f0780000)
  object space 509440K, 99% used [0x00000000d1600000,0x00000000f07791c0,0x00000000f0780000)
 Metaspace       used 13353K, capacity 13554K, committed 13952K, reserved 1060864K
  class space    used 1747K, capacity 1810K, committed 1920K, reserved 1048576K
Event: 209.544 GC heap after
Heap after GC invocations=155 (full 22):
 PSYoungGen      total 197120K, used 41971K [0x00000000f0780000, 0x00000000fff80000, 0x0000000100000000)
  eden space 144384K, 29% used [0x00000000f0780000,0x00000000f307cdf8,0x00000000f9480000)
  from space 52736K, 0% used [0x00000000f9480000,0x00000000f9480000,0x00000000fc800000)
  to   space 51200K, 0% used [0x00000000fcd80000,0x00000000fcd80000,0x00000000fff80000)
 ParOldGen       total 509440K, used 509412K [0x00000000d1600000, 0x00000000f0780000, 0x00000000f0780000)
  object space 509440K, 99% used [0x00000000d1600000,0x00000000f07791c0,0x00000000f0780000)
 Metaspace       used 13353K, capacity 13554K, committed 13952K, reserved 1060864K
  class space    used 1747K, capacity 1810K, committed 1920K, reserved 1048576K
}
Event: 210.027 GC heap before
{Heap before GC invocations=156 (full 23):
 PSYoungGen      total 197120K, used 144384K [0x00000000f0780000, 0x00000000fff80000, 0x0000000100000000)
  eden space 144384K, 100% used [0x00000000f0780000,0x00000000f9480000,0x00000000f9480000)
  from space 52736K, 0% used [0x00000000f9480000,0x00000000f9480000,0x00000000fc800000)
  to   space 51200K, 0% used [0x00000000fcd80000,0x00000000fcd80000,0x00000000fff80000)
 ParOldGen       total 509440K, used 509412K [0x00000000d1600000, 0x00000000f0780000, 0x00000000f0780000)
  object space 509440K, 99% used [0x00000000d1600000,0x00000000f07791c0,0x00000000f0780000)
 Metaspace       used 13353K, capacity 13554K, committed 13952K, reserved 1060864K
  class space    used 1747K, capacity 1810K, committed 1920K, reserved 1048576K
Event: 215.193 GC heap after
Heap after GC invocations=156 (full 23):
 PSYoungGen      total 197120K, used 44214K [0x00000000f0780000, 0x00000000fff80000, 0x0000000100000000)
  eden space 144384K, 30% used [0x00000000f0780000,0x00000000f32ad930,0x00000000f9480000)
  from space 52736K, 0% used [0x00000000f9480000,0x00000000f9480000,0x00000000fc800000)
  to   space 51200K, 0% used [0x00000000fcd80000,0x00000000fcd80000,0x00000000fff80000)
 ParOldGen       total 509440K, used 509186K [0x00000000d1600000, 0x00000000f0780000, 0x00000000f0780000)
  object space 509440K, 99% used [0x00000000d1600000,0x00000000f0740bf8,0x00000000f0780000)
 Metaspace       used 13342K, capacity 13536K, committed 13952K, reserved 1060864K
  class space    used 1744K, capacity 1803K, committed 1920K, reserved 1048576K
}
Event: 215.521 GC heap before
{Heap before GC invocations=157 (full 24):
 PSYoungGen      total 197120K, used 144384K [0x00000000f0780000, 0x00000000fff80000, 0x0000000100000000)
  eden space 144384K, 100% used [0x00000000f0780000,0x00000000f9480000,0x00000000f9480000)
  from space 52736K, 0% used [0x00000000f9480000,0x00000000f9480000,0x00000000fc800000)
  to   space 51200K, 0% used [0x00000000fcd80000,0x00000000fcd80000,0x00000000fff80000)
 ParOldGen       total 509440K, used 509186K [0x00000000d1600000, 0x00000000f0780000, 0x00000000f0780000)
  object space 509440K, 99% used [0x00000000d1600000,0x00000000f0740bf8,0x00000000f0780000)
 Metaspace       used 13342K, capacity 13536K, committed 13952K, reserved 1060864K
  class space    used 1744K, capacity 1803K, committed 1920K, reserved 1048576K
Event: 220.573 GC heap after
Heap after GC invocations=157 (full 24):
 PSYoungGen      total 197120K, used 46385K [0x00000000f0780000, 0x00000000fff80000, 0x0000000100000000)
  eden space 144384K, 32% used [0x00000000f0780000,0x00000000f34cc588,0x00000000f9480000)
  from space 52736K, 0% used [0x00000000f9480000,0x00000000f9480000,0x00000000fc800000)
  to   space 51200K, 0% used [0x00000000fcd80000,0x00000000fcd80000,0x00000000fff80000)
 ParOldGen       total 509440K, used 509184K [0x00000000d1600000, 0x00000000f0780000, 0x00000000f0780000)
  object space 509440K, 99% used [0x00000000d1600000,0x00000000f0740238,0x00000000f0780000)
 Metaspace       used 13342K, capacity 13536K, committed 13952K, reserved 1060864K
  class space    used 1744K, capacity 1803K, committed 1920K, reserved 1048576K
}
Event: 239.587 GC heap before
{Heap before GC invocations=158 (full 25):
 PSYoungGen      total 197120K, used 144384K [0x00000000f0780000, 0x00000000fff80000, 0x0000000100000000)
  eden space 144384K, 100% used [0x00000000f0780000,0x00000000f9480000,0x00000000f9480000)
  from space 52736K, 0% used [0x00000000f9480000,0x00000000f9480000,0x00000000fc800000)
  to   space 51200K, 0% used [0x00000000fcd80000,0x00000000fcd80000,0x00000000fff80000)
 ParOldGen       total 509440K, used 509184K [0x00000000d1600000, 0x00000000f0780000, 0x00000000f0780000)
  object space 509440K, 99% used [0x00000000d1600000,0x00000000f0740238,0x00000000f0780000)
 Metaspace       used 13396K, capacity 13536K, committed 13952K, reserved 1060864K
  class space    used 1747K, capacity 1803K, committed 1920K, reserved 1048576K
Event: 244.791 GC heap after
Heap after GC invocations=158 (full 25):
 PSYoungGen      total 197120K, used 48693K [0x00000000f0780000, 0x00000000fff80000, 0x0000000100000000)
  eden space 144384K, 33% used [0x00000000f0780000,0x00000000f370d4b0,0x00000000f9480000)
  from space 52736K, 0% used [0x00000000f9480000,0x00000000f9480000,0x00000000fc800000)
  to   space 51200K, 0% used [0x00000000fcd80000,0x00000000fcd80000,0x00000000fff80000)
 ParOldGen       total 509440K, used 509172K [0x00000000d1600000, 0x00000000f0780000, 0x00000000f0780000)
  object space 509440K, 99% used [0x00000000d1600000,0x00000000f073d2e8,0x00000000f0780000)
 Metaspace       used 13396K, capacity 13536K, committed 13952K, reserved 1060864K
  class space    used 1747K, capacity 1803K, committed 1920K, reserved 1048576K
}

